<?xml version="1.0" encoding="UTF-8"?>
<testng-results ignored="0" total="0" passed="0" failed="0" skipped="0">
  <reporter-output>
  </reporter-output>
  <suite started-at="2024-12-01T14:12:39 EST" name="CucumberWithTestNG" finished-at="2024-12-01T14:12:39 EST" duration-ms="17">
    <groups>
    </groups>
    <test started-at="2024-12-01T14:12:39 EST" name="Regression1" finished-at="2024-12-01T14:12:39 EST" duration-ms="17">
    </test> <!-- Regression1 -->
  </suite> <!-- CucumberWithTestNG -->
</testng-results>
